<?xml version="1.0" encoding="UTF-8"?>
<!-- Generated by org.testng.reporters.JUnitReportReporter -->
<testsuite skipped="0" hostname="saurabh" name="com.employeeapi.testcases.TC01_GET_All_Employees" tests="10" failures="0" timestamp="2020-03-14T15:10:02 IST" time="0.108" errors="0">
  <testcase name="checkResponseBody" time="0.047" classname="com.employeeapi.testcases.TC01_GET_All_Employees"/>
  <system-out/>
  <testcase name="checkServerType" time="0.003" classname="com.employeeapi.testcases.TC01_GET_All_Employees"/>
  <system-out/>
  <testcase name="checkContentEncoding" time="0.008" classname="com.employeeapi.testcases.TC01_GET_All_Employees"/>
  <system-out/>
  <testcase name="checkStatusCode" time="0.002" classname="com.employeeapi.testcases.TC01_GET_All_Employees"/>
  <system-out/>
  <testcase name="captureAllHeaders" time="0.032" classname="com.employeeapi.testcases.TC01_GET_All_Employees"/>
  <system-out/>
  <testcase name="checkContentLength" time="0.003" classname="com.employeeapi.testcases.TC01_GET_All_Employees"/>
  <system-out/>
  <testcase name="checkStatusLine" time="0.003" classname="com.employeeapi.testcases.TC01_GET_All_Employees"/>
  <system-out/>
  <testcase name="checkResponseTime" time="0.003" classname="com.employeeapi.testcases.TC01_GET_All_Employees"/>
  <system-out/>
  <testcase name="checkContentType" time="0.003" classname="com.employeeapi.testcases.TC01_GET_All_Employees"/>
  <system-out/>
  <testcase name="checkCookies" time="0.004" classname="com.employeeapi.testcases.TC01_GET_All_Employees"/>
  <system-out/>
</testsuite> <!-- com.employeeapi.testcases.TC01_GET_All_Employees -->
