<?xml version="1.0" encoding="UTF-8"?>
<!-- Generated by org.testng.reporters.JUnitReportReporter -->
<testsuite skipped="0" hostname="saurabh" name="com.employeeapi.testcases.TC03_POST_Employee_Record" tests="6" failures="0" timestamp="2020-03-15T01:05:26 IST" time="0.043" errors="0">
  <testcase name="checkContentType" time="0.003" classname="com.employeeapi.testcases.TC03_POST_Employee_Record"/>
  <system-out/>
  <testcase name="checkResponseBody" time="0.003" classname="com.employeeapi.testcases.TC03_POST_Employee_Record"/>
  <system-out/>
  <testcase name="checkServerType" time="0.002" classname="com.employeeapi.testcases.TC03_POST_Employee_Record"/>
  <system-out/>
  <testcase name="checkStatusCode" time="0.003" classname="com.employeeapi.testcases.TC03_POST_Employee_Record"/>
  <system-out/>
  <testcase name="checkStatusLine" time="0.002" classname="com.employeeapi.testcases.TC03_POST_Employee_Record"/>
  <system-out/>
  <testcase name="captureAllHeaders" time="0.030" classname="com.employeeapi.testcases.TC03_POST_Employee_Record"/>
  <system-out/>
</testsuite> <!-- com.employeeapi.testcases.TC03_POST_Employee_Record -->
