<?xml version="1.0" encoding="UTF-8"?>
<!-- Generated by org.testng.reporters.JUnitReportReporter -->
<testsuite skipped="0" hostname="saurabh" name="com.employeeapi.testcases.TC01_GET_All_Employees" tests="10" failures="0" timestamp="2020-03-15T01:05:26 IST" time="1.199" errors="0">
  <testcase name="captureAllHeaders" time="0.040" classname="com.employeeapi.testcases.TC01_GET_All_Employees"/>
  <system-out/>
  <testcase name="checkContentLength" time="0.003" classname="com.employeeapi.testcases.TC01_GET_All_Employees"/>
  <system-out/>
  <testcase name="checkStatusLine" time="0.001" classname="com.employeeapi.testcases.TC01_GET_All_Employees"/>
  <system-out/>
  <testcase name="checkServerType" time="0.003" classname="com.employeeapi.testcases.TC01_GET_All_Employees"/>
  <system-out/>
  <testcase name="checkResponseBody" time="0.987" classname="com.employeeapi.testcases.TC01_GET_All_Employees"/>
  <system-out/>
  <testcase name="checkContentType" time="0.005" classname="com.employeeapi.testcases.TC01_GET_All_Employees"/>
  <system-out/>
  <testcase name="checkStatusCode" time="0.010" classname="com.employeeapi.testcases.TC01_GET_All_Employees"/>
  <system-out/>
  <testcase name="checkResponseTime" time="0.003" classname="com.employeeapi.testcases.TC01_GET_All_Employees"/>
  <system-out/>
  <testcase name="checkCookies" time="0.007" classname="com.employeeapi.testcases.TC01_GET_All_Employees"/>
  <system-out/>
  <testcase name="checkContentEncoding" time="0.140" classname="com.employeeapi.testcases.TC01_GET_All_Employees"/>
  <system-out/>
</testsuite> <!-- com.employeeapi.testcases.TC01_GET_All_Employees -->
