<?xml version="1.0" encoding="UTF-8"?>
<!-- Generated by org.testng.reporters.JUnitReportReporter -->
<testsuite skipped="0" hostname="saurabh" name="com.employeeapi.testcases.TC03_POST_Employee_Record" tests="6" failures="0" timestamp="2020-03-14T15:10:02 IST" time="0.044" errors="0">
  <testcase name="checkResponseBody" time="0.004" classname="com.employeeapi.testcases.TC03_POST_Employee_Record"/>
  <system-out/>
  <testcase name="checkServerType" time="0.005" classname="com.employeeapi.testcases.TC03_POST_Employee_Record"/>
  <system-out/>
  <testcase name="checkStatusCode" time="0.005" classname="com.employeeapi.testcases.TC03_POST_Employee_Record"/>
  <system-out/>
  <testcase name="checkContentType" time="0.005" classname="com.employeeapi.testcases.TC03_POST_Employee_Record"/>
  <system-out/>
  <testcase name="captureAllHeaders" time="0.020" classname="com.employeeapi.testcases.TC03_POST_Employee_Record"/>
  <system-out/>
  <testcase name="checkStatusLine" time="0.005" classname="com.employeeapi.testcases.TC03_POST_Employee_Record"/>
  <system-out/>
</testsuite> <!-- com.employeeapi.testcases.TC03_POST_Employee_Record -->
